 ---------------------------------------------------------------------------------------------------------------------------------- 
|                                          Memory leak report for:  04/12/2018 18:46:36                                            |
 ---------------------------------------------------------------------------------------------------------------------------------- 


57 memory leaks found:

Alloc.   Addr       Size       Addr       Size                        BreakOn BreakOn              
Number Reported   Reported    Actual     Actual     Unused    Method  Dealloc Realloc Allocated by 
------ ---------- ---------- ---------- ---------- ---------- -------- ------- ------- --------------------------------------------------- 
143993 0x11C30028 0x00000020 0x11C30018 0x00000040 0x00000000 new         N       N    ??(00000)::??
144012 0x11C30070 0x00000020 0x11C30060 0x00000040 0x00000000 new         N       N    ??(00000)::??
143992 0x11C300B8 0x00000020 0x11C300A8 0x00000040 0x00000000 new         N       N    ??(00000)::??
144022 0x11C30100 0x00000020 0x11C300F0 0x00000040 0x00000000 new         N       N    ??(00000)::??
144030 0x11C30148 0x00000020 0x11C30138 0x00000040 0x00000000 new         N       N    ??(00000)::??
143982 0x11C30388 0x00000020 0x11C30378 0x00000040 0x00000000 new         N       N    ??(00000)::??
144002 0x11C303D0 0x00000020 0x11C303C0 0x00000040 0x00000000 new         N       N    ??(00000)::??
143945 0x11C30418 0x00000020 0x11C30408 0x00000040 0x00000000 new         N       N    ??(00000)::??
144031 0x11C30460 0x00000020 0x11C30450 0x00000040 0x00000000 new         N       N    ??(00000)::??
143944 0x11C304A8 0x00000020 0x11C30498 0x00000040 0x00000000 new         N       N    ??(00000)::??
143953 0x11C304F0 0x00000020 0x11C304E0 0x00000040 0x00000000 new         N       N    ??(00000)::??
143954 0x11C30538 0x00000020 0x11C30528 0x00000040 0x00000000 new         N       N    ??(00000)::??
143971 0x11C30580 0x00000020 0x11C30570 0x00000040 0x00000000 new         N       N    ??(00000)::??
143935 0x11C305C8 0x00000020 0x11C305B8 0x00000040 0x00000000 new         N       N    ??(00000)::??
143925 0x11C30610 0x00000020 0x11C30600 0x00000040 0x00000000 new         N       N    ??(00000)::??
143926 0x11C30658 0x00000020 0x11C30648 0x00000040 0x00000000 new         N       N    ??(00000)::??
144087 0x11AA2118 0x00000013 0x11AA2108 0x00000033 0x00000000 new[]       N       N    ??(00000)::??
143906 0x11C2F4A0 0x00000020 0x11C2F490 0x00000040 0x00000000 new         N       N    ??(00000)::??
143907 0x11C2F4E8 0x00000020 0x11C2F4D8 0x00000040 0x00000000 new         N       N    ??(00000)::??
143781 0x11C2F530 0x00000020 0x11C2F520 0x00000040 0x00000000 new         N       N    ??(00000)::??
143801 0x11C2F578 0x00000020 0x11C2F568 0x00000040 0x00000000 new         N       N    ??(00000)::??
143791 0x11C2F5C0 0x00000020 0x11C2F5B0 0x00000040 0x00000000 new         N       N    ??(00000)::??
143762 0x11C2F608 0x00000020 0x11C2F5F8 0x00000040 0x00000000 new         N       N    ??(00000)::??
143782 0x11C2F650 0x00000020 0x11C2F640 0x00000040 0x00000000 new         N       N    ??(00000)::??
143761 0x11C2F698 0x00000020 0x11C2F688 0x00000040 0x00000000 new         N       N    ??(00000)::??
143771 0x11C2F6E0 0x00000020 0x11C2F6D0 0x00000040 0x00000000 new         N       N    ??(00000)::??
143848 0x11C2F728 0x00000020 0x11C2F718 0x00000040 0x00000000 new         N       N    ??(00000)::??
143858 0x11C2F770 0x00000020 0x11C2F760 0x00000040 0x00000000 new         N       N    ??(00000)::??
143847 0x11C2F800 0x00000020 0x11C2F7F0 0x00000040 0x00000000 new         N       N    ??(00000)::??
143792 0x11C2F848 0x00000020 0x11C2F838 0x00000040 0x00000000 new         N       N    ??(00000)::??
143897 0x11C2F890 0x00000020 0x11C2F880 0x00000040 0x00000000 new         N       N    ??(00000)::??
143916 0x11C2F8D8 0x00000020 0x11C2F8C8 0x00000040 0x00000000 new         N       N    ??(00000)::??
143830 0x11C2F920 0x00000020 0x11C2F910 0x00000040 0x00000000 new         N       N    ??(00000)::??
143867 0x11C2F968 0x00000020 0x11C2F958 0x00000040 0x00000000 new         N       N    ??(00000)::??
143811 0x11C2F9B0 0x00000020 0x11C2F9A0 0x00000040 0x00000000 new         N       N    ??(00000)::??
143878 0x11C2F9F8 0x00000020 0x11C2F9E8 0x00000040 0x00000000 new         N       N    ??(00000)::??
143831 0x11C2FA40 0x00000020 0x11C2FA30 0x00000040 0x00000000 new         N       N    ??(00000)::??
143888 0x11C2FA88 0x00000020 0x11C2FA78 0x00000040 0x00000000 new         N       N    ??(00000)::??
143820 0x11C2FAD0 0x00000020 0x11C2FAC0 0x00000040 0x00000000 new         N       N    ??(00000)::??
143857 0x11C2FB18 0x00000020 0x11C2FB08 0x00000040 0x00000000 new         N       N    ??(00000)::??
143887 0x11C2FB60 0x00000020 0x11C2FB50 0x00000040 0x00000000 new         N       N    ??(00000)::??
143898 0x11C2FBA8 0x00000020 0x11C2FB98 0x00000040 0x00000000 new         N       N    ??(00000)::??
143772 0x11C2FBF0 0x00000020 0x11C2FBE0 0x00000040 0x00000000 new         N       N    ??(00000)::??
143802 0x11C2FC38 0x00000020 0x11C2FC28 0x00000040 0x00000000 new         N       N    ??(00000)::??
143812 0x11C2FC80 0x00000020 0x11C2FC70 0x00000040 0x00000000 new         N       N    ??(00000)::??
143868 0x11C2FCC8 0x00000020 0x11C2FCB8 0x00000040 0x00000000 new         N       N    ??(00000)::??
143877 0x11C2FD10 0x00000020 0x11C2FD00 0x00000040 0x00000000 new         N       N    ??(00000)::??
143821 0x11C2FD58 0x00000020 0x11C2FD48 0x00000040 0x00000000 new         N       N    ??(00000)::??
143934 0x11C2FDA0 0x00000020 0x11C2FD90 0x00000040 0x00000000 new         N       N    ??(00000)::??
143962 0x11C2FDE8 0x00000020 0x11C2FDD8 0x00000040 0x00000000 new         N       N    ??(00000)::??
143963 0x11C2FE30 0x00000020 0x11C2FE20 0x00000040 0x00000000 new         N       N    ??(00000)::??
143972 0x11C2FE78 0x00000020 0x11C2FE68 0x00000040 0x00000000 new         N       N    ??(00000)::??
144003 0x11C2FEC0 0x00000020 0x11C2FEB0 0x00000040 0x00000000 new         N       N    ??(00000)::??
144021 0x11C2FF08 0x00000020 0x11C2FEF8 0x00000040 0x00000000 new         N       N    ??(00000)::??
144013 0x11C2FF50 0x00000020 0x11C2FF40 0x00000040 0x00000000 new         N       N    ??(00000)::??
143983 0x11C2FF98 0x00000020 0x11C2FF88 0x00000040 0x00000000 new         N       N    ??(00000)::??
143917 0x11C2FFE0 0x00000020 0x11C2FFD0 0x00000040 0x00000000 new         N       N    ??(00000)::??
